2025-02-15 21:28:54,709 - INFO - Forex trading bot started.
2025-02-15 21:28:54,926 - ERROR - Failed to fetch market data: HTTPSConnectionPool(host='api.broker.com', port=443): Max retries exceeded with url: /market_data/US30/1h (Caused by NameResolutionError("<urllib3.connection.HTTPSConnection object at 0x000001A7884A4EC0>: Failed to resolve 'api.broker.com' ([Errno 11001] getaddrinfo failed)"))
2025-02-15 21:28:54,928 - WARNING - No market data received. Retrying...
2025-02-15 21:29:54,936 - ERROR - Failed to fetch market data: HTTPSConnectionPool(host='api.broker.com', port=443): Max retries exceeded with url: /market_data/US30/1h (Caused by NameResolutionError("<urllib3.connection.HTTPSConnection object at 0x000001A7884A96D0>: Failed to resolve 'api.broker.com' ([Errno 11001] getaddrinfo failed)"))
2025-02-15 21:29:54,939 - WARNING - No market data received. Retrying...
2025-02-15 21:31:17,217 - INFO - Forex trading bot started.
2025-02-15 21:31:17,237 - ERROR - Failed to fetch market data: HTTPSConnectionPool(host='api.broker.com', port=443): Max retries exceeded with url: /market_data/US30/1h (Caused by NameResolutionError("<urllib3.connection.HTTPSConnection object at 0x000002459F000EC0>: Failed to resolve 'api.broker.com' ([Errno 11001] getaddrinfo failed)"))
2025-02-15 21:31:17,237 - WARNING - No market data received. Retrying...
2025-02-15 21:32:17,245 - ERROR - Failed to fetch market data: HTTPSConnectionPool(host='api.broker.com', port=443): Max retries exceeded with url: /market_data/US30/1h (Caused by NameResolutionError("<urllib3.connection.HTTPSConnection object at 0x000002459F0056D0>: Failed to resolve 'api.broker.com' ([Errno 11001] getaddrinfo failed)"))
2025-02-15 21:32:17,246 - WARNING - No market data received. Retrying...
2025-02-15 21:33:17,281 - ERROR - Failed to fetch market data: HTTPSConnectionPool(host='api.broker.com', port=443): Max retries exceeded with url: /market_data/US30/1h (Caused by NameResolutionError("<urllib3.connection.HTTPSConnection object at 0x000002459F0060D0>: Failed to resolve 'api.broker.com' ([Errno 11001] getaddrinfo failed)"))
2025-02-15 21:33:17,282 - WARNING - No market data received. Retrying...
2025-02-15 21:34:17,290 - ERROR - Failed to fetch market data: HTTPSConnectionPool(host='api.broker.com', port=443): Max retries exceeded with url: /market_data/US30/1h (Caused by NameResolutionError("<urllib3.connection.HTTPSConnection object at 0x000002459F006350>: Failed to resolve 'api.broker.com' ([Errno 11001] getaddrinfo failed)"))
2025-02-15 21:34:17,290 - WARNING - No market data received. Retrying...
2025-02-15 21:35:17,299 - ERROR - Failed to fetch market data: HTTPSConnectionPool(host='api.broker.com', port=443): Max retries exceeded with url: /market_data/US30/1h (Caused by NameResolutionError("<urllib3.connection.HTTPSConnection object at 0x000002459F006710>: Failed to resolve 'api.broker.com' ([Errno 11001] getaddrinfo failed)"))
2025-02-15 21:35:17,299 - WARNING - No market data received. Retrying...
2025-02-15 21:36:17,311 - ERROR - Failed to fetch market data: HTTPSConnectionPool(host='api.broker.com', port=443): Max retries exceeded with url: /market_data/US30/1h (Caused by NameResolutionError("<urllib3.connection.HTTPSConnection object at 0x000002459F006AD0>: Failed to resolve 'api.broker.com' ([Errno 11001] getaddrinfo failed)"))
2025-02-15 21:36:17,313 - WARNING - No market data received. Retrying...
2025-02-15 21:37:17,321 - ERROR - Failed to fetch market data: HTTPSConnectionPool(host='api.broker.com', port=443): Max retries exceeded with url: /market_data/US30/1h (Caused by NameResolutionError("<urllib3.connection.HTTPSConnection object at 0x000002459F006E90>: Failed to resolve 'api.broker.com' ([Errno 11001] getaddrinfo failed)"))
2025-02-15 21:37:17,322 - WARNING - No market data received. Retrying...
2025-02-15 21:38:17,334 - ERROR - Failed to fetch market data: HTTPSConnectionPool(host='api.broker.com', port=443): Max retries exceeded with url: /market_data/US30/1h (Caused by NameResolutionError("<urllib3.connection.HTTPSConnection object at 0x000002459F007250>: Failed to resolve 'api.broker.com' ([Errno 11001] getaddrinfo failed)"))
2025-02-15 21:38:17,335 - WARNING - No market data received. Retrying...
2025-02-15 21:39:17,353 - ERROR - Failed to fetch market data: HTTPSConnectionPool(host='api.broker.com', port=443): Max retries exceeded with url: /market_data/US30/1h (Caused by NameResolutionError("<urllib3.connection.HTTPSConnection object at 0x000002459F007610>: Failed to resolve 'api.broker.com' ([Errno 11001] getaddrinfo failed)"))
2025-02-15 21:39:17,353 - WARNING - No market data received. Retrying...
2025-02-15 21:40:17,374 - ERROR - Failed to fetch market data: HTTPSConnectionPool(host='api.broker.com', port=443): Max retries exceeded with url: /market_data/US30/1h (Caused by NameResolutionError("<urllib3.connection.HTTPSConnection object at 0x000002459F0079D0>: Failed to resolve 'api.broker.com' ([Errno 11001] getaddrinfo failed)"))
2025-02-15 21:40:17,377 - WARNING - No market data received. Retrying...
2025-02-15 21:41:17,386 - ERROR - Failed to fetch market data: HTTPSConnectionPool(host='api.broker.com', port=443): Max retries exceeded with url: /market_data/US30/1h (Caused by NameResolutionError("<urllib3.connection.HTTPSConnection object at 0x000002459F007D90>: Failed to resolve 'api.broker.com' ([Errno 11001] getaddrinfo failed)"))
2025-02-15 21:41:17,387 - WARNING - No market data received. Retrying...
2025-02-15 21:42:17,398 - ERROR - Failed to fetch market data: HTTPSConnectionPool(host='api.broker.com', port=443): Max retries exceeded with url: /market_data/US30/1h (Caused by NameResolutionError("<urllib3.connection.HTTPSConnection object at 0x000002459F044190>: Failed to resolve 'api.broker.com' ([Errno 11001] getaddrinfo failed)"))
2025-02-15 21:42:17,400 - WARNING - No market data received. Retrying...
2025-02-15 21:43:17,416 - ERROR - Failed to fetch market data: HTTPSConnectionPool(host='api.broker.com', port=443): Max retries exceeded with url: /market_data/US30/1h (Caused by NameResolutionError("<urllib3.connection.HTTPSConnection object at 0x000002459F044550>: Failed to resolve 'api.broker.com' ([Errno 11001] getaddrinfo failed)"))
2025-02-15 21:43:17,417 - WARNING - No market data received. Retrying...
2025-02-15 21:44:17,455 - ERROR - Failed to fetch market data: HTTPSConnectionPool(host='api.broker.com', port=443): Max retries exceeded with url: /market_data/US30/1h (Caused by NameResolutionError("<urllib3.connection.HTTPSConnection object at 0x000002459EE8BB10>: Failed to resolve 'api.broker.com' ([Errno 11001] getaddrinfo failed)"))
2025-02-15 21:44:17,455 - WARNING - No market data received. Retrying...
2025-02-15 21:45:17,478 - ERROR - Failed to fetch market data: HTTPSConnectionPool(host='api.broker.com', port=443): Max retries exceeded with url: /market_data/US30/1h (Caused by NameResolutionError("<urllib3.connection.HTTPSConnection object at 0x000002459EE8BED0>: Failed to resolve 'api.broker.com' ([Errno 11001] getaddrinfo failed)"))
2025-02-15 21:45:17,478 - WARNING - No market data received. Retrying...
2025-02-15 21:46:17,496 - ERROR - Failed to fetch market data: HTTPSConnectionPool(host='api.broker.com', port=443): Max retries exceeded with url: /market_data/US30/1h (Caused by NameResolutionError("<urllib3.connection.HTTPSConnection object at 0x000002459EE8B9D0>: Failed to resolve 'api.broker.com' ([Errno 11001] getaddrinfo failed)"))
2025-02-15 21:46:17,499 - WARNING - No market data received. Retrying...
2025-02-15 21:47:17,508 - ERROR - Failed to fetch market data: HTTPSConnectionPool(host='api.broker.com', port=443): Max retries exceeded with url: /market_data/US30/1h (Caused by NameResolutionError("<urllib3.connection.HTTPSConnection object at 0x000002459F007ED0>: Failed to resolve 'api.broker.com' ([Errno 11001] getaddrinfo failed)"))
2025-02-15 21:47:17,508 - WARNING - No market data received. Retrying...
2025-02-15 21:48:17,520 - ERROR - Failed to fetch market data: HTTPSConnectionPool(host='api.broker.com', port=443): Max retries exceeded with url: /market_data/US30/1h (Caused by NameResolutionError("<urllib3.connection.HTTPSConnection object at 0x000002459F007B10>: Failed to resolve 'api.broker.com' ([Errno 11001] getaddrinfo failed)"))
2025-02-15 21:48:17,522 - WARNING - No market data received. Retrying...
2025-02-15 21:49:17,547 - ERROR - Failed to fetch market data: HTTPSConnectionPool(host='api.broker.com', port=443): Max retries exceeded with url: /market_data/US30/1h (Caused by NameResolutionError("<urllib3.connection.HTTPSConnection object at 0x000002459F007750>: Failed to resolve 'api.broker.com' ([Errno 11001] getaddrinfo failed)"))
2025-02-15 21:49:17,548 - WARNING - No market data received. Retrying...
2025-02-15 21:50:17,573 - ERROR - Failed to fetch market data: HTTPSConnectionPool(host='api.broker.com', port=443): Max retries exceeded with url: /market_data/US30/1h (Caused by NameResolutionError("<urllib3.connection.HTTPSConnection object at 0x000002459F007390>: Failed to resolve 'api.broker.com' ([Errno 11001] getaddrinfo failed)"))
2025-02-15 21:50:17,573 - WARNING - No market data received. Retrying...
2025-02-15 21:51:17,602 - ERROR - Failed to fetch market data: HTTPSConnectionPool(host='api.broker.com', port=443): Max retries exceeded with url: /market_data/US30/1h (Caused by NameResolutionError("<urllib3.connection.HTTPSConnection object at 0x000002459F006FD0>: Failed to resolve 'api.broker.com' ([Errno 11001] getaddrinfo failed)"))
2025-02-15 21:51:17,604 - WARNING - No market data received. Retrying...
2025-02-15 21:51:46,478 - INFO - Forex trading bot started.
2025-02-15 21:51:47,237 - ERROR - Failed to fetch market data: 403 Client Error: Forbidden for url: https://paper-api.alpaca.markets/v2/market_data/US30/1h
2025-02-15 21:51:47,239 - WARNING - No market data received. Retrying...
2025-02-15 21:52:47,957 - ERROR - Failed to fetch market data: 403 Client Error: Forbidden for url: https://paper-api.alpaca.markets/v2/market_data/US30/1h
2025-02-15 21:52:47,957 - WARNING - No market data received. Retrying...
2025-02-15 21:53:48,689 - ERROR - Failed to fetch market data: 403 Client Error: Forbidden for url: https://paper-api.alpaca.markets/v2/market_data/US30/1h
2025-02-15 21:53:48,690 - WARNING - No market data received. Retrying...
2025-02-15 22:12:20,698 - ERROR - Failed to log in to account #208543245
2025-02-15 22:14:14,924 - INFO - Forex trading bot started.
2025-02-15 22:14:14,925 - ERROR - Failed to fetch market data for US30
2025-02-15 22:14:14,926 - WARNING - No market data received. Retrying...
2025-02-15 22:15:14,927 - ERROR - Failed to fetch market data for US30
2025-02-15 22:15:14,928 - WARNING - No market data received. Retrying...
2025-02-15 22:16:14,929 - ERROR - Failed to fetch market data for US30
2025-02-15 22:16:14,930 - WARNING - No market data received. Retrying...
2025-02-15 22:16:49,496 - ERROR - Failed to log in to account #208543245
2025-02-15 22:18:42,654 - ERROR - Failed to log in to account #208543245
2025-02-15 22:19:18,727 - ERROR - Failed to log in to account #208543245
2025-02-15 22:22:48,486 - ERROR - Failed to log in to account #208543245
2025-02-15 22:23:11,946 - ERROR - Failed to log in to account #208543245
2025-02-15 22:24:13,261 - ERROR - Failed to log in to account #208543245
2025-02-15 22:24:20,653 - ERROR - Failed to log in to account #208543245
2025-02-15 22:24:54,605 - INFO - Forex trading bot started.
2025-02-15 22:24:54,606 - ERROR - Failed to fetch market data for US30
2025-02-15 22:24:54,606 - WARNING - No market data received. Retrying...
2025-02-15 22:25:54,607 - ERROR - Failed to fetch market data for US30
2025-02-15 22:25:54,609 - WARNING - No market data received. Retrying...
2025-02-15 22:26:39,470 - INFO - Forex trading bot started.
2025-02-15 22:26:39,505 - INFO - Generated signal: buy
2025-02-15 22:26:39,506 - ERROR - Error placing order: 'NoneType' object has no attribute 'retcode'
2025-02-15 22:26:39,506 - INFO - Placed a buy order.
